2014-12-01 08:35:25 [INFO] [Multiverse-Portals]  0 - Portals(s) loaded
2014-12-02 06:46:44 [INFO] [Multiverse-Portals]  6 - Portals(s) loaded
2014-12-02 06:49:30 [INFO] [Multiverse-Portals]  6 - Portals(s) loaded
2014-12-07 23:23:42 [INFO] [Multiverse-Portals]  6 - Portals(s) loaded
2014-12-08 00:56:09 [INFO] [Multiverse-Portals]  6 - Portals(s) loaded
2014-12-08 01:03:29 [INFO] [Multiverse-Portals]  6 - Portals(s) loaded
2014-12-08 02:11:28 [WARNING] [Multiverse-Portals]  Failed Parsing World for: PlotToTown (World Error, World did not exist or was not imported into Multiverse-Core!)
2014-12-08 02:11:28 [WARNING] [Multiverse-Portals]  Portal PlotToTown has an invalid LOCATION!
2014-12-08 02:11:28 [WARNING] [Multiverse-Portals]  Portal 'PlotToTown' not loaded due to invalid location!
2014-12-08 02:11:28 [WARNING] [Multiverse-Portals]  Failed Parsing World for: PlotToSurvival (World Error, World did not exist or was not imported into Multiverse-Core!)
2014-12-08 02:11:28 [WARNING] [Multiverse-Portals]  Portal PlotToSurvival has an invalid LOCATION!
2014-12-08 02:11:28 [WARNING] [Multiverse-Portals]  Portal 'PlotToSurvival' not loaded due to invalid location!
2014-12-08 02:11:28 [INFO] [Multiverse-Portals]  4 - Portals(s) loaded
2014-12-08 02:20:55 [WARNING] [Multiverse-Portals]  Failed Parsing World for: PlotToTown (World Error, World did not exist or was not imported into Multiverse-Core!)
2014-12-08 02:20:55 [WARNING] [Multiverse-Portals]  Portal PlotToTown has an invalid LOCATION!
2014-12-08 02:20:55 [WARNING] [Multiverse-Portals]  Portal 'PlotToTown' not loaded due to invalid location!
2014-12-08 02:20:55 [WARNING] [Multiverse-Portals]  Failed Parsing World for: PlotToSurvival (World Error, World did not exist or was not imported into Multiverse-Core!)
2014-12-08 02:20:55 [WARNING] [Multiverse-Portals]  Portal PlotToSurvival has an invalid LOCATION!
2014-12-08 02:20:55 [WARNING] [Multiverse-Portals]  Portal 'PlotToSurvival' not loaded due to invalid location!
2014-12-08 02:20:55 [INFO] [Multiverse-Portals]  4 - Portals(s) loaded
2014-12-08 02:57:22 [WARNING] [Multiverse-Portals]  Failed Parsing World for: PlotToTown (World Error, World did not exist or was not imported into Multiverse-Core!)
2014-12-08 02:57:22 [WARNING] [Multiverse-Portals]  Portal PlotToTown has an invalid LOCATION!
2014-12-08 02:57:22 [WARNING] [Multiverse-Portals]  Portal 'PlotToTown' not loaded due to invalid location!
2014-12-08 02:57:22 [WARNING] [Multiverse-Portals]  Failed Parsing World for: PlotToSurvival (World Error, World did not exist or was not imported into Multiverse-Core!)
2014-12-08 02:57:22 [WARNING] [Multiverse-Portals]  Portal PlotToSurvival has an invalid LOCATION!
2014-12-08 02:57:22 [WARNING] [Multiverse-Portals]  Portal 'PlotToSurvival' not loaded due to invalid location!
2014-12-08 02:57:22 [INFO] [Multiverse-Portals]  4 - Portals(s) loaded
2014-12-09 07:12:58 [WARNING] [Multiverse-Portals]  Failed Parsing World for: PlotToTown (World Error, World did not exist or was not imported into Multiverse-Core!)
2014-12-09 07:12:58 [WARNING] [Multiverse-Portals]  Portal PlotToTown has an invalid LOCATION!
2014-12-09 07:12:58 [WARNING] [Multiverse-Portals]  Portal 'PlotToTown' not loaded due to invalid location!
2014-12-09 07:12:58 [WARNING] [Multiverse-Portals]  Failed Parsing World for: PlotToSurvival (World Error, World did not exist or was not imported into Multiverse-Core!)
2014-12-09 07:12:58 [WARNING] [Multiverse-Portals]  Portal PlotToSurvival has an invalid LOCATION!
2014-12-09 07:12:58 [WARNING] [Multiverse-Portals]  Portal 'PlotToSurvival' not loaded due to invalid location!
2014-12-09 07:12:58 [INFO] [Multiverse-Portals]  4 - Portals(s) loaded
2014-12-09 07:45:10 [WARNING] [Multiverse-Portals]  Failed Parsing World for: PlotToTown (World Error, World did not exist or was not imported into Multiverse-Core!)
2014-12-09 07:45:10 [WARNING] [Multiverse-Portals]  Portal PlotToTown has an invalid LOCATION!
2014-12-09 07:45:10 [WARNING] [Multiverse-Portals]  Portal 'PlotToTown' not loaded due to invalid location!
2014-12-09 07:45:10 [WARNING] [Multiverse-Portals]  Failed Parsing World for: PlotToSurvival (World Error, World did not exist or was not imported into Multiverse-Core!)
2014-12-09 07:45:10 [WARNING] [Multiverse-Portals]  Portal PlotToSurvival has an invalid LOCATION!
2014-12-09 07:45:10 [WARNING] [Multiverse-Portals]  Portal 'PlotToSurvival' not loaded due to invalid location!
2014-12-09 07:45:10 [INFO] [Multiverse-Portals]  4 - Portals(s) loaded
2014-12-09 07:52:15 [WARNING] [Multiverse-Portals]  Failed Parsing World for: PlotToTown (World Error, World did not exist or was not imported into Multiverse-Core!)
2014-12-09 07:52:15 [WARNING] [Multiverse-Portals]  Portal PlotToTown has an invalid LOCATION!
2014-12-09 07:52:15 [WARNING] [Multiverse-Portals]  Portal 'PlotToTown' not loaded due to invalid location!
2014-12-09 07:52:15 [WARNING] [Multiverse-Portals]  Failed Parsing World for: PlotToSurvival (World Error, World did not exist or was not imported into Multiverse-Core!)
2014-12-09 07:52:15 [WARNING] [Multiverse-Portals]  Portal PlotToSurvival has an invalid LOCATION!
2014-12-09 07:52:15 [WARNING] [Multiverse-Portals]  Portal 'PlotToSurvival' not loaded due to invalid location!
2014-12-09 07:52:15 [INFO] [Multiverse-Portals]  4 - Portals(s) loaded
2014-12-10 03:31:34 [WARNING] [Multiverse-Portals]  Failed Parsing World for: PlotToTown (World Error, World did not exist or was not imported into Multiverse-Core!)
2014-12-10 03:31:34 [WARNING] [Multiverse-Portals]  Portal PlotToTown has an invalid LOCATION!
2014-12-10 03:31:34 [WARNING] [Multiverse-Portals]  Portal 'PlotToTown' not loaded due to invalid location!
2014-12-10 03:31:34 [WARNING] [Multiverse-Portals]  Failed Parsing World for: PlotToSurvival (World Error, World did not exist or was not imported into Multiverse-Core!)
2014-12-10 03:31:34 [WARNING] [Multiverse-Portals]  Portal PlotToSurvival has an invalid LOCATION!
2014-12-10 03:31:34 [WARNING] [Multiverse-Portals]  Portal 'PlotToSurvival' not loaded due to invalid location!
2014-12-10 03:31:34 [INFO] [Multiverse-Portals]  4 - Portals(s) loaded
2014-12-10 03:51:42 [WARNING] [Multiverse-Portals]  Failed Parsing World for: PlotToTown (World Error, World did not exist or was not imported into Multiverse-Core!)
2014-12-10 03:51:42 [WARNING] [Multiverse-Portals]  Portal PlotToTown has an invalid LOCATION!
2014-12-10 03:51:42 [WARNING] [Multiverse-Portals]  Portal 'PlotToTown' not loaded due to invalid location!
2014-12-10 03:51:42 [WARNING] [Multiverse-Portals]  Failed Parsing World for: PlotToSurvival (World Error, World did not exist or was not imported into Multiverse-Core!)
2014-12-10 03:51:42 [WARNING] [Multiverse-Portals]  Portal PlotToSurvival has an invalid LOCATION!
2014-12-10 03:51:42 [WARNING] [Multiverse-Portals]  Portal 'PlotToSurvival' not loaded due to invalid location!
2014-12-10 03:51:42 [INFO] [Multiverse-Portals]  4 - Portals(s) loaded
2014-12-10 05:30:09 [WARNING] [Multiverse-Portals]  Failed Parsing World for: PlotToTown (World Error, World did not exist or was not imported into Multiverse-Core!)
2014-12-10 05:30:09 [WARNING] [Multiverse-Portals]  Portal PlotToTown has an invalid LOCATION!
2014-12-10 05:30:09 [WARNING] [Multiverse-Portals]  Portal 'PlotToTown' not loaded due to invalid location!
2014-12-10 05:30:09 [WARNING] [Multiverse-Portals]  Failed Parsing World for: PlotToSurvival (World Error, World did not exist or was not imported into Multiverse-Core!)
2014-12-10 05:30:09 [WARNING] [Multiverse-Portals]  Portal PlotToSurvival has an invalid LOCATION!
2014-12-10 05:30:09 [WARNING] [Multiverse-Portals]  Portal 'PlotToSurvival' not loaded due to invalid location!
2014-12-10 05:30:09 [INFO] [Multiverse-Portals]  4 - Portals(s) loaded
2014-12-10 06:53:05 [WARNING] [Multiverse-Portals]  Failed Parsing World for: PlotToTown (World Error, World did not exist or was not imported into Multiverse-Core!)
2014-12-10 06:53:05 [WARNING] [Multiverse-Portals]  Portal PlotToTown has an invalid LOCATION!
2014-12-10 06:53:05 [WARNING] [Multiverse-Portals]  Portal 'PlotToTown' not loaded due to invalid location!
2014-12-10 06:53:05 [WARNING] [Multiverse-Portals]  Failed Parsing World for: PlotToSurvival (World Error, World did not exist or was not imported into Multiverse-Core!)
2014-12-10 06:53:05 [WARNING] [Multiverse-Portals]  Portal PlotToSurvival has an invalid LOCATION!
2014-12-10 06:53:05 [WARNING] [Multiverse-Portals]  Portal 'PlotToSurvival' not loaded due to invalid location!
2014-12-10 06:53:05 [INFO] [Multiverse-Portals]  4 - Portals(s) loaded
2014-12-10 07:00:41 [WARNING] [Multiverse-Portals]  Failed Parsing World for: PlotToTown (World Error, World did not exist or was not imported into Multiverse-Core!)
2014-12-10 07:00:41 [WARNING] [Multiverse-Portals]  Portal PlotToTown has an invalid LOCATION!
2014-12-10 07:00:41 [WARNING] [Multiverse-Portals]  Portal 'PlotToTown' not loaded due to invalid location!
2014-12-10 07:00:41 [WARNING] [Multiverse-Portals]  Failed Parsing World for: PlotToSurvival (World Error, World did not exist or was not imported into Multiverse-Core!)
2014-12-10 07:00:41 [WARNING] [Multiverse-Portals]  Portal PlotToSurvival has an invalid LOCATION!
2014-12-10 07:00:41 [WARNING] [Multiverse-Portals]  Portal 'PlotToSurvival' not loaded due to invalid location!
2014-12-10 07:00:41 [INFO] [Multiverse-Portals]  4 - Portals(s) loaded
2014-12-10 07:14:19 [WARNING] [Multiverse-Portals]  Failed Parsing World for: PlotToTown (World Error, World did not exist or was not imported into Multiverse-Core!)
2014-12-10 07:14:19 [WARNING] [Multiverse-Portals]  Portal PlotToTown has an invalid LOCATION!
2014-12-10 07:14:19 [WARNING] [Multiverse-Portals]  Portal 'PlotToTown' not loaded due to invalid location!
2014-12-10 07:14:19 [WARNING] [Multiverse-Portals]  Failed Parsing World for: PlotToSurvival (World Error, World did not exist or was not imported into Multiverse-Core!)
2014-12-10 07:14:19 [WARNING] [Multiverse-Portals]  Portal PlotToSurvival has an invalid LOCATION!
2014-12-10 07:14:19 [WARNING] [Multiverse-Portals]  Portal 'PlotToSurvival' not loaded due to invalid location!
2014-12-10 07:14:19 [INFO] [Multiverse-Portals]  4 - Portals(s) loaded
2014-12-10 07:28:18 [WARNING] [Multiverse-Portals]  Failed Parsing World for: PlotToTown (World Error, World did not exist or was not imported into Multiverse-Core!)
2014-12-10 07:28:18 [WARNING] [Multiverse-Portals]  Portal PlotToTown has an invalid LOCATION!
2014-12-10 07:28:18 [WARNING] [Multiverse-Portals]  Portal 'PlotToTown' not loaded due to invalid location!
2014-12-10 07:28:18 [WARNING] [Multiverse-Portals]  Failed Parsing World for: PlotToSurvival (World Error, World did not exist or was not imported into Multiverse-Core!)
2014-12-10 07:28:18 [WARNING] [Multiverse-Portals]  Portal PlotToSurvival has an invalid LOCATION!
2014-12-10 07:28:18 [WARNING] [Multiverse-Portals]  Portal 'PlotToSurvival' not loaded due to invalid location!
2014-12-10 07:28:18 [INFO] [Multiverse-Portals]  4 - Portals(s) loaded
2014-12-10 07:35:33 [WARNING] [Multiverse-Portals]  Failed Parsing World for: PlotToTown (World Error, World did not exist or was not imported into Multiverse-Core!)
2014-12-10 07:35:33 [WARNING] [Multiverse-Portals]  Portal PlotToTown has an invalid LOCATION!
2014-12-10 07:35:33 [WARNING] [Multiverse-Portals]  Portal 'PlotToTown' not loaded due to invalid location!
2014-12-10 07:35:33 [WARNING] [Multiverse-Portals]  Failed Parsing World for: PlotToSurvival (World Error, World did not exist or was not imported into Multiverse-Core!)
2014-12-10 07:35:33 [WARNING] [Multiverse-Portals]  Portal PlotToSurvival has an invalid LOCATION!
2014-12-10 07:35:33 [WARNING] [Multiverse-Portals]  Portal 'PlotToSurvival' not loaded due to invalid location!
2014-12-10 07:35:33 [INFO] [Multiverse-Portals]  4 - Portals(s) loaded
2014-12-11 04:53:32 [WARNING] [Multiverse-Portals]  Failed Parsing World for: PlotToTown (World Error, World did not exist or was not imported into Multiverse-Core!)
2014-12-11 04:53:32 [WARNING] [Multiverse-Portals]  Portal PlotToTown has an invalid LOCATION!
2014-12-11 04:53:32 [WARNING] [Multiverse-Portals]  Portal 'PlotToTown' not loaded due to invalid location!
2014-12-11 04:53:32 [WARNING] [Multiverse-Portals]  Failed Parsing World for: PlotToSurvival (World Error, World did not exist or was not imported into Multiverse-Core!)
2014-12-11 04:53:32 [WARNING] [Multiverse-Portals]  Portal PlotToSurvival has an invalid LOCATION!
2014-12-11 04:53:32 [WARNING] [Multiverse-Portals]  Portal 'PlotToSurvival' not loaded due to invalid location!
2014-12-11 04:53:32 [INFO] [Multiverse-Portals]  4 - Portals(s) loaded
2014-12-11 06:12:52 [WARNING] [Multiverse-Portals]  Failed Parsing World for: PlotToTown (World Error, World did not exist or was not imported into Multiverse-Core!)
2014-12-11 06:12:52 [WARNING] [Multiverse-Portals]  Portal PlotToTown has an invalid LOCATION!
2014-12-11 06:12:52 [WARNING] [Multiverse-Portals]  Portal 'PlotToTown' not loaded due to invalid location!
2014-12-11 06:12:52 [WARNING] [Multiverse-Portals]  Failed Parsing World for: PlotToSurvival (World Error, World did not exist or was not imported into Multiverse-Core!)
2014-12-11 06:12:52 [WARNING] [Multiverse-Portals]  Portal PlotToSurvival has an invalid LOCATION!
2014-12-11 06:12:52 [WARNING] [Multiverse-Portals]  Portal 'PlotToSurvival' not loaded due to invalid location!
2014-12-11 06:12:52 [INFO] [Multiverse-Portals]  4 - Portals(s) loaded
2014-12-11 06:18:01 [WARNING] [Multiverse-Portals]  Failed Parsing World for: PlotToTown (World Error, World did not exist or was not imported into Multiverse-Core!)
2014-12-11 06:18:01 [WARNING] [Multiverse-Portals]  Portal PlotToTown has an invalid LOCATION!
2014-12-11 06:18:01 [WARNING] [Multiverse-Portals]  Portal 'PlotToTown' not loaded due to invalid location!
2014-12-11 06:18:01 [WARNING] [Multiverse-Portals]  Failed Parsing World for: PlotToSurvival (World Error, World did not exist or was not imported into Multiverse-Core!)
2014-12-11 06:18:01 [WARNING] [Multiverse-Portals]  Portal PlotToSurvival has an invalid LOCATION!
2014-12-11 06:18:01 [WARNING] [Multiverse-Portals]  Portal 'PlotToSurvival' not loaded due to invalid location!
2014-12-11 06:18:01 [INFO] [Multiverse-Portals]  4 - Portals(s) loaded
2014-12-11 06:20:50 [WARNING] [Multiverse-Portals]  Failed Parsing World for: PlotToTown (World Error, World did not exist or was not imported into Multiverse-Core!)
2014-12-11 06:20:50 [WARNING] [Multiverse-Portals]  Portal PlotToTown has an invalid LOCATION!
2014-12-11 06:20:50 [WARNING] [Multiverse-Portals]  Portal 'PlotToTown' not loaded due to invalid location!
2014-12-11 06:20:50 [WARNING] [Multiverse-Portals]  Failed Parsing World for: PlotToSurvival (World Error, World did not exist or was not imported into Multiverse-Core!)
2014-12-11 06:20:50 [WARNING] [Multiverse-Portals]  Portal PlotToSurvival has an invalid LOCATION!
2014-12-11 06:20:50 [WARNING] [Multiverse-Portals]  Portal 'PlotToSurvival' not loaded due to invalid location!
2014-12-11 06:20:50 [INFO] [Multiverse-Portals]  4 - Portals(s) loaded
2014-12-11 06:23:34 [WARNING] [Multiverse-Portals]  Failed Parsing World for: PlotToTown (World Error, World did not exist or was not imported into Multiverse-Core!)
2014-12-11 06:23:34 [WARNING] [Multiverse-Portals]  Portal PlotToTown has an invalid LOCATION!
2014-12-11 06:23:34 [WARNING] [Multiverse-Portals]  Portal 'PlotToTown' not loaded due to invalid location!
2014-12-11 06:23:34 [WARNING] [Multiverse-Portals]  Failed Parsing World for: PlotToSurvival (World Error, World did not exist or was not imported into Multiverse-Core!)
2014-12-11 06:23:34 [WARNING] [Multiverse-Portals]  Portal PlotToSurvival has an invalid LOCATION!
2014-12-11 06:23:34 [WARNING] [Multiverse-Portals]  Portal 'PlotToSurvival' not loaded due to invalid location!
2014-12-11 06:23:34 [INFO] [Multiverse-Portals]  4 - Portals(s) loaded
2014-12-11 06:25:22 [WARNING] [Multiverse-Portals]  Failed Parsing World for: PlotToTown (World Error, World did not exist or was not imported into Multiverse-Core!)
2014-12-11 06:25:22 [WARNING] [Multiverse-Portals]  Portal PlotToTown has an invalid LOCATION!
2014-12-11 06:25:22 [WARNING] [Multiverse-Portals]  Portal 'PlotToTown' not loaded due to invalid location!
2014-12-11 06:25:22 [WARNING] [Multiverse-Portals]  Failed Parsing World for: PlotToSurvival (World Error, World did not exist or was not imported into Multiverse-Core!)
2014-12-11 06:25:22 [WARNING] [Multiverse-Portals]  Portal PlotToSurvival has an invalid LOCATION!
2014-12-11 06:25:22 [WARNING] [Multiverse-Portals]  Portal 'PlotToSurvival' not loaded due to invalid location!
2014-12-11 06:25:22 [INFO] [Multiverse-Portals]  4 - Portals(s) loaded
2014-12-11 06:48:27 [WARNING] [Multiverse-Portals]  Failed Parsing World for: PlotToTown (World Error, World did not exist or was not imported into Multiverse-Core!)
2014-12-11 06:48:27 [WARNING] [Multiverse-Portals]  Portal PlotToTown has an invalid LOCATION!
2014-12-11 06:48:27 [WARNING] [Multiverse-Portals]  Portal 'PlotToTown' not loaded due to invalid location!
2014-12-11 06:48:27 [WARNING] [Multiverse-Portals]  Failed Parsing World for: PlotToSurvival (World Error, World did not exist or was not imported into Multiverse-Core!)
2014-12-11 06:48:27 [WARNING] [Multiverse-Portals]  Portal PlotToSurvival has an invalid LOCATION!
2014-12-11 06:48:27 [WARNING] [Multiverse-Portals]  Portal 'PlotToSurvival' not loaded due to invalid location!
2014-12-11 06:48:27 [INFO] [Multiverse-Portals]  4 - Portals(s) loaded
2014-12-11 06:52:48 [WARNING] [Multiverse-Portals]  Failed Parsing World for: PlotToTown (World Error, World did not exist or was not imported into Multiverse-Core!)
2014-12-11 06:52:48 [WARNING] [Multiverse-Portals]  Portal PlotToTown has an invalid LOCATION!
2014-12-11 06:52:48 [WARNING] [Multiverse-Portals]  Portal 'PlotToTown' not loaded due to invalid location!
2014-12-11 06:52:48 [WARNING] [Multiverse-Portals]  Failed Parsing World for: PlotToSurvival (World Error, World did not exist or was not imported into Multiverse-Core!)
2014-12-11 06:52:48 [WARNING] [Multiverse-Portals]  Portal PlotToSurvival has an invalid LOCATION!
2014-12-11 06:52:48 [WARNING] [Multiverse-Portals]  Portal 'PlotToSurvival' not loaded due to invalid location!
2014-12-11 06:52:48 [INFO] [Multiverse-Portals]  4 - Portals(s) loaded
2014-12-11 07:03:20 [WARNING] [Multiverse-Portals]  Failed Parsing World for: PlotToTown (World Error, World did not exist or was not imported into Multiverse-Core!)
2014-12-11 07:03:20 [WARNING] [Multiverse-Portals]  Portal PlotToTown has an invalid LOCATION!
2014-12-11 07:03:20 [WARNING] [Multiverse-Portals]  Portal 'PlotToTown' not loaded due to invalid location!
2014-12-11 07:03:20 [WARNING] [Multiverse-Portals]  Failed Parsing World for: PlotToSurvival (World Error, World did not exist or was not imported into Multiverse-Core!)
2014-12-11 07:03:20 [WARNING] [Multiverse-Portals]  Portal PlotToSurvival has an invalid LOCATION!
2014-12-11 07:03:20 [WARNING] [Multiverse-Portals]  Portal 'PlotToSurvival' not loaded due to invalid location!
2014-12-11 07:03:20 [INFO] [Multiverse-Portals]  4 - Portals(s) loaded
2014-12-11 07:16:04 [WARNING] [Multiverse-Portals]  Failed Parsing World for: PlotToTown (World Error, World did not exist or was not imported into Multiverse-Core!)
2014-12-11 07:16:04 [WARNING] [Multiverse-Portals]  Portal PlotToTown has an invalid LOCATION!
2014-12-11 07:16:04 [WARNING] [Multiverse-Portals]  Portal 'PlotToTown' not loaded due to invalid location!
2014-12-11 07:16:04 [WARNING] [Multiverse-Portals]  Failed Parsing World for: PlotToSurvival (World Error, World did not exist or was not imported into Multiverse-Core!)
2014-12-11 07:16:04 [WARNING] [Multiverse-Portals]  Portal PlotToSurvival has an invalid LOCATION!
2014-12-11 07:16:04 [WARNING] [Multiverse-Portals]  Portal 'PlotToSurvival' not loaded due to invalid location!
2014-12-11 07:16:04 [INFO] [Multiverse-Portals]  4 - Portals(s) loaded
2014-12-11 07:17:40 [WARNING] [Multiverse-Portals]  Failed Parsing World for: PlotToTown (World Error, World did not exist or was not imported into Multiverse-Core!)
2014-12-11 07:17:40 [WARNING] [Multiverse-Portals]  Portal PlotToTown has an invalid LOCATION!
2014-12-11 07:17:40 [WARNING] [Multiverse-Portals]  Portal 'PlotToTown' not loaded due to invalid location!
2014-12-11 07:17:40 [WARNING] [Multiverse-Portals]  Failed Parsing World for: PlotToSurvival (World Error, World did not exist or was not imported into Multiverse-Core!)
2014-12-11 07:17:40 [WARNING] [Multiverse-Portals]  Portal PlotToSurvival has an invalid LOCATION!
2014-12-11 07:17:40 [WARNING] [Multiverse-Portals]  Portal 'PlotToSurvival' not loaded due to invalid location!
2014-12-11 07:17:40 [INFO] [Multiverse-Portals]  4 - Portals(s) loaded
2014-12-11 20:03:53 [WARNING] [Multiverse-Portals]  Failed Parsing World for: PlotToTown (World Error, World did not exist or was not imported into Multiverse-Core!)
2014-12-11 20:03:53 [WARNING] [Multiverse-Portals]  Portal PlotToTown has an invalid LOCATION!
2014-12-11 20:03:53 [WARNING] [Multiverse-Portals]  Portal 'PlotToTown' not loaded due to invalid location!
2014-12-11 20:03:53 [WARNING] [Multiverse-Portals]  Failed Parsing World for: PlotToSurvival (World Error, World did not exist or was not imported into Multiverse-Core!)
2014-12-11 20:03:53 [WARNING] [Multiverse-Portals]  Portal PlotToSurvival has an invalid LOCATION!
2014-12-11 20:03:53 [WARNING] [Multiverse-Portals]  Portal 'PlotToSurvival' not loaded due to invalid location!
2014-12-11 20:03:53 [INFO] [Multiverse-Portals]  4 - Portals(s) loaded
2015-01-12 00:48:50 [WARNING] [Multiverse-Portals]  Failed Parsing World for: PlotToTown (World Error, World did not exist or was not imported into Multiverse-Core!)
2015-01-12 00:48:50 [WARNING] [Multiverse-Portals]  Portal PlotToTown has an invalid LOCATION!
2015-01-12 00:48:50 [WARNING] [Multiverse-Portals]  Portal 'PlotToTown' not loaded due to invalid location!
2015-01-12 00:48:50 [WARNING] [Multiverse-Portals]  Failed Parsing World for: PlotToSurvival (World Error, World did not exist or was not imported into Multiverse-Core!)
2015-01-12 00:48:50 [WARNING] [Multiverse-Portals]  Portal PlotToSurvival has an invalid LOCATION!
2015-01-12 00:48:50 [WARNING] [Multiverse-Portals]  Portal 'PlotToSurvival' not loaded due to invalid location!
2015-01-12 00:48:50 [INFO] [Multiverse-Portals]  4 - Portals(s) loaded
